<?xml version="1.0" encoding="UTF-8"?>
<testng-results ignored="0" total="10" passed="10" failed="0" skipped="0">
  <reporter-output>
  </reporter-output>
  <suite started-at="2024-12-13T05:41:04 MSK" name="Surefire suite" finished-at="2024-12-13T05:41:04 MSK" duration-ms="23">
    <groups>
    </groups>
    <test started-at="2024-12-13T05:41:04 MSK" name="Surefire test" finished-at="2024-12-13T05:41:04 MSK" duration-ms="23">
      <class name="EvenOddCheckerUnitTests">
        <test-method signature="testEvenOddChecker()" started-at="2024-12-13T05:41:04 MSK" name="testEvenOddChecker" finished-at="2024-12-13T05:41:04 MSK" duration-ms="6" status="PASS">
          <reporter-output>
          </reporter-output>
        </test-method> <!-- testEvenOddChecker -->
      </class> <!-- EvenOddCheckerUnitTests -->
      <class name="RectangleUnitTests">
        <test-method signature="testGetWidth()" started-at="2024-12-13T05:41:04 MSK" name="testGetWidth" finished-at="2024-12-13T05:41:04 MSK" duration-ms="0" status="PASS">
          <reporter-output>
          </reporter-output>
        </test-method> <!-- testGetWidth -->
        <test-method signature="testSetLength()" started-at="2024-12-13T05:41:04 MSK" name="testSetLength" finished-at="2024-12-13T05:41:04 MSK" duration-ms="0" status="PASS">
          <reporter-output>
          </reporter-output>
        </test-method> <!-- testSetLength -->
        <test-method signature="testSetWidth()" started-at="2024-12-13T05:41:04 MSK" name="testSetWidth" finished-at="2024-12-13T05:41:04 MSK" duration-ms="1" status="PASS">
          <reporter-output>
          </reporter-output>
        </test-method> <!-- testSetWidth -->
        <test-method signature="testGetArea()" started-at="2024-12-13T05:41:04 MSK" name="testGetArea" finished-at="2024-12-13T05:41:04 MSK" duration-ms="0" status="PASS">
          <reporter-output>
          </reporter-output>
        </test-method> <!-- testGetArea -->
        <test-method signature="testGetLength()" started-at="2024-12-13T05:41:04 MSK" name="testGetLength" finished-at="2024-12-13T05:41:04 MSK" duration-ms="0" status="PASS">
          <reporter-output>
          </reporter-output>
        </test-method> <!-- testGetLength -->
      </class> <!-- RectangleUnitTests -->
      <class name="CalculatorUnitTests">
        <test-method signature="testDivide()" started-at="2024-12-13T05:41:04 MSK" name="testDivide" finished-at="2024-12-13T05:41:04 MSK" duration-ms="1" status="PASS">
          <reporter-output>
          </reporter-output>
        </test-method> <!-- testDivide -->
        <test-method signature="testMultiply()" started-at="2024-12-13T05:41:04 MSK" name="testMultiply" finished-at="2024-12-13T05:41:04 MSK" duration-ms="1" status="PASS">
          <reporter-output>
          </reporter-output>
        </test-method> <!-- testMultiply -->
        <test-method signature="testAdd()" started-at="2024-12-13T05:41:04 MSK" name="testAdd" finished-at="2024-12-13T05:41:04 MSK" duration-ms="1" status="PASS">
          <reporter-output>
          </reporter-output>
        </test-method> <!-- testAdd -->
        <test-method signature="testSubtract()" started-at="2024-12-13T05:41:04 MSK" name="testSubtract" finished-at="2024-12-13T05:41:04 MSK" duration-ms="1" status="PASS">
          <reporter-output>
          </reporter-output>
        </test-method> <!-- testSubtract -->
      </class> <!-- CalculatorUnitTests -->
    </test> <!-- Surefire test -->
  </suite> <!-- Surefire suite -->
</testng-results>
