<?xml version="1.0" encoding="UTF-8"?>
<!-- Generated by org.testng.reporters.JUnitXMLReporter -->
<testsuite ignored="0" hostname="MacBook-Pro-Ivan.local" failures="0" tests="10" name="Surefire test" time="0.019" errors="0" timestamp="2024-12-13T05:41:03 MSK">
  <testcase classname="RectangleNGTests" name="testGetArea" time="0.002"/>
  <testcase classname="RectangleNGTests" name="testGetLength" time="0.0"/>
  <testcase classname="RectangleNGTests" name="testGetWidth" time="0.0"/>
  <testcase classname="RectangleNGTests" name="testSetLength" time="0.0"/>
  <testcase classname="RectangleNGTests" name="testSetWidth" time="0.0"/>
  <testcase classname="EvenOddCheckerNGTests" name="testEvenOddChecker" time="0.001"/>
  <testcase classname="CalculatorNGTests" name="testAdd" time="0.0"/>
  <testcase classname="CalculatorNGTests" name="testDivide" time="0.0"/>
  <testcase classname="CalculatorNGTests" name="testMultiply" time="0.0"/>
  <testcase classname="CalculatorNGTests" name="testSubtract" time="0.001"/>
</testsuite> <!-- Surefire test -->
