<?xml version="1.0" encoding="UTF-8"?>
<testng-results ignored="0" total="10" passed="10" failed="0" skipped="0">
  <reporter-output>
  </reporter-output>
  <suite started-at="2024-12-13T05:41:03 MSK" name="Surefire suite" finished-at="2024-12-13T05:41:03 MSK" duration-ms="19">
    <groups>
    </groups>
    <test started-at="2024-12-13T05:41:03 MSK" name="Surefire test" finished-at="2024-12-13T05:41:03 MSK" duration-ms="19">
      <class name="EvenOddCheckerNGTests">
        <test-method signature="testEvenOddChecker()[pri:0, instance:EvenOddCheckerNGTests@20d3d15a]" started-at="2024-12-13T05:41:03 MSK" name="testEvenOddChecker" finished-at="2024-12-13T05:41:03 MSK" duration-ms="1" status="PASS">
          <reporter-output>
          </reporter-output>
        </test-method> <!-- testEvenOddChecker -->
      </class> <!-- EvenOddCheckerNGTests -->
      <class name="CalculatorNGTests">
        <test-method signature="testAdd()[pri:0, instance:CalculatorNGTests@2893de87]" started-at="2024-12-13T05:41:03 MSK" name="testAdd" finished-at="2024-12-13T05:41:03 MSK" duration-ms="0" status="PASS">
          <reporter-output>
          </reporter-output>
        </test-method> <!-- testAdd -->
        <test-method signature="testDivide()[pri:0, instance:CalculatorNGTests@2893de87]" started-at="2024-12-13T05:41:03 MSK" name="testDivide" finished-at="2024-12-13T05:41:03 MSK" duration-ms="0" status="PASS">
          <reporter-output>
          </reporter-output>
        </test-method> <!-- testDivide -->
        <test-method signature="testMultiply()[pri:0, instance:CalculatorNGTests@2893de87]" started-at="2024-12-13T05:41:03 MSK" name="testMultiply" finished-at="2024-12-13T05:41:03 MSK" duration-ms="0" status="PASS">
          <reporter-output>
          </reporter-output>
        </test-method> <!-- testMultiply -->
        <test-method signature="testSubtract()[pri:0, instance:CalculatorNGTests@2893de87]" started-at="2024-12-13T05:41:03 MSK" name="testSubtract" finished-at="2024-12-13T05:41:03 MSK" duration-ms="1" status="PASS">
          <reporter-output>
          </reporter-output>
        </test-method> <!-- testSubtract -->
      </class> <!-- CalculatorNGTests -->
      <class name="RectangleNGTests">
        <test-method signature="testGetArea()[pri:0, instance:RectangleNGTests@105fece7]" started-at="2024-12-13T05:41:03 MSK" name="testGetArea" finished-at="2024-12-13T05:41:03 MSK" duration-ms="2" status="PASS">
          <reporter-output>
          </reporter-output>
        </test-method> <!-- testGetArea -->
        <test-method signature="testGetLength()[pri:0, instance:RectangleNGTests@105fece7]" started-at="2024-12-13T05:41:03 MSK" name="testGetLength" finished-at="2024-12-13T05:41:03 MSK" duration-ms="0" status="PASS">
          <reporter-output>
          </reporter-output>
        </test-method> <!-- testGetLength -->
        <test-method signature="testGetWidth()[pri:0, instance:RectangleNGTests@105fece7]" started-at="2024-12-13T05:41:03 MSK" name="testGetWidth" finished-at="2024-12-13T05:41:03 MSK" duration-ms="0" status="PASS">
          <reporter-output>
          </reporter-output>
        </test-method> <!-- testGetWidth -->
        <test-method signature="testSetLength()[pri:0, instance:RectangleNGTests@105fece7]" started-at="2024-12-13T05:41:03 MSK" name="testSetLength" finished-at="2024-12-13T05:41:03 MSK" duration-ms="0" status="PASS">
          <reporter-output>
          </reporter-output>
        </test-method> <!-- testSetLength -->
        <test-method signature="testSetWidth()[pri:0, instance:RectangleNGTests@105fece7]" started-at="2024-12-13T05:41:03 MSK" name="testSetWidth" finished-at="2024-12-13T05:41:03 MSK" duration-ms="0" status="PASS">
          <reporter-output>
          </reporter-output>
        </test-method> <!-- testSetWidth -->
      </class> <!-- RectangleNGTests -->
    </test> <!-- Surefire test -->
  </suite> <!-- Surefire suite -->
</testng-results>
