<?xml version="1.0" encoding="UTF-8"?>
<testsuite xmlns:xsi="http://www.w3.org/2001/XMLSchema-instance" xsi:noNamespaceSchemaLocation="https://maven.apache.org/surefire/maven-surefire-plugin/xsd/surefire-test-report-3.0.xsd" version="3.0" name="TestSuite" time="0.243" tests="20" errors="0" skipped="0" failures="0">
  <properties>
[...]
</properties>
  <testcase name="testGetArea" classname="RectangleNGTests" time="0.002">
    <system-err><![CDATA[SLF4J: Failed to load class "org.slf4j.impl.StaticLoggerBinder".
SLF4J: Defaulting to no-operation (NOP) logger implementation
SLF4J: See http://www.slf4j.org/codes.html#StaticLoggerBinder for further details.
]]></system-err>
  </testcase>
  <testcase name="testGetLength" classname="RectangleNGTests" time="0.0"/>
  <testcase name="testGetWidth" classname="RectangleNGTests" time="0.0"/>
  <testcase name="testSetLength" classname="RectangleNGTests" time="0.0"/>
  <testcase name="testSetWidth" classname="RectangleNGTests" time="0.0"/>
  <testcase name="testEvenOddChecker" classname="EvenOddCheckerNGTests" time="0.0">
    <system-out><![CDATA[Enter an Integer number:
Entered number is even
Enter an Integer number:
Entered number is odd
Enter an Integer number:
Entered number is even
Enter an Integer number:
Entered number is even
Enter an Integer number:
Entered number is odd
]]></system-out>
  </testcase>
  <testcase name="testAdd" classname="CalculatorNGTests" time="0.001"/>
  <testcase name="testDivide" classname="CalculatorNGTests" time="0.0"/>
  <testcase name="testMultiply" classname="CalculatorNGTests" time="0.0"/>
  <testcase name="testSubtract" classname="CalculatorNGTests" time="0.0"/>
  <testcase name="testEvenOddChecker on testEvenOddChecker(EvenOddCheckerUnitTests)" classname="EvenOddCheckerUnitTests" time="0.001">
    <system-out><![CDATA[Enter an Integer number:
Entered number is even
Enter an Integer number:
Entered number is odd
Enter an Integer number:
Entered number is even
Enter an Integer number:
Entered number is even
Enter an Integer number:
Entered number is odd
]]></system-out>
  </testcase>
  <testcase name="testGetWidth on testGetWidth(RectangleUnitTests)" classname="RectangleUnitTests" time="0.0"/>
  <testcase name="testGetArea on testGetArea(RectangleUnitTests)" classname="RectangleUnitTests" time="0.0"/>
  <testcase name="testSetLength on testSetLength(RectangleUnitTests)" classname="RectangleUnitTests" time="0.0"/>
  <testcase name="testGetLength on testGetLength(RectangleUnitTests)" classname="RectangleUnitTests" time="0.0"/>
  <testcase name="testSetWidth on testSetWidth(RectangleUnitTests)" classname="RectangleUnitTests" time="0.0"/>
  <testcase name="testAdd on testAdd(CalculatorUnitTests)" classname="CalculatorUnitTests" time="0.0"/>
  <testcase name="testSubtract on testSubtract(CalculatorUnitTests)" classname="CalculatorUnitTests" time="0.0"/>
  <testcase name="testDivide on testDivide(CalculatorUnitTests)" classname="CalculatorUnitTests" time="0.0"/>
  <testcase name="testMultiply on testMultiply(CalculatorUnitTests)" classname="CalculatorUnitTests" time="0.0"/>
</testsuite>