<?xml version="1.0" encoding="UTF-8"?>
<!-- Generated by org.testng.reporters.JUnitXMLReporter -->
<testsuite ignored="0" hostname="MacBook-Pro-Ivan.local" failures="0" tests="10" name="Surefire test" time="0.023" errors="0" timestamp="2024-12-13T05:41:04 MSK">
  <testcase classname="EvenOddCheckerUnitTests" name="testEvenOddChecker on testEvenOddChecker(EvenOddCheckerUnitTests)" time="0.006"/>
  <testcase classname="RectangleUnitTests" name="testGetWidth on testGetWidth(RectangleUnitTests)" time="0.0"/>
  <testcase classname="RectangleUnitTests" name="testGetArea on testGetArea(RectangleUnitTests)" time="0.0"/>
  <testcase classname="RectangleUnitTests" name="testSetLength on testSetLength(RectangleUnitTests)" time="0.0"/>
  <testcase classname="RectangleUnitTests" name="testGetLength on testGetLength(RectangleUnitTests)" time="0.0"/>
  <testcase classname="RectangleUnitTests" name="testSetWidth on testSetWidth(RectangleUnitTests)" time="0.001"/>
  <testcase classname="CalculatorUnitTests" name="testAdd on testAdd(CalculatorUnitTests)" time="0.001"/>
  <testcase classname="CalculatorUnitTests" name="testSubtract on testSubtract(CalculatorUnitTests)" time="0.001"/>
  <testcase classname="CalculatorUnitTests" name="testDivide on testDivide(CalculatorUnitTests)" time="0.001"/>
  <testcase classname="CalculatorUnitTests" name="testMultiply on testMultiply(CalculatorUnitTests)" time="0.001"/>
</testsuite> <!-- Surefire test -->
